\BOOKMARK [-1][-]{chapter*.1}{\376\377\116\055\145\207\144\130\211\201}{}% 1
\BOOKMARK [-1][-]{chapter*.2}{\376\377\000A\000B\000S\000T\000R\000A\000C\000T}{}% 2
\BOOKMARK [-1][-]{chapter*.3}{\376\377\166\356\000\040\137\125}{}% 3
\BOOKMARK [0][-]{chapter.1}{\376\377\137\025\212\000}{chapter*.3}% 4
\BOOKMARK [0][-]{chapter.2}{\376\377\060\020\0001\176\247\150\007\230\230\377\014\116\011\123\367\236\321\117\123\133\127\060\021}{chapter*.3}% 5
\BOOKMARK [1][-]{section.2.1}{\376\377\060\020\0002\176\247\150\007\230\230\377\014\134\017\116\011\123\367\236\321\117\123\133\127\060\021\000\040}{chapter.2}% 6
\BOOKMARK [2][-]{subsection.2.1.1}{\376\377\060\020\0003\176\247\150\007\230\230\377\014\126\333\123\367\236\321\117\123\133\127\060\021\000\040}{section.2.1}% 7
\BOOKMARK [0][-]{chapter.3}{\376\377\060\020\0001\176\247\150\007\230\230\377\014\116\011\123\367\236\321\117\123\133\127\060\021}{chapter*.3}% 8
\BOOKMARK [1][-]{section.3.1}{\376\377\060\020\0002\176\247\150\007\230\230\377\014\134\017\116\011\123\367\236\321\117\123\133\127\060\021\000\040}{chapter.3}% 9
\BOOKMARK [2][-]{subsection.3.1.1}{\376\377\060\020\0003\176\247\150\007\230\230\377\014\126\333\123\367\236\321\117\123\133\127\060\021\000\040}{section.3.1}% 10
\BOOKMARK [0][-]{chapter.4}{\376\377\060\020\0001\176\247\150\007\230\230\377\014\116\011\123\367\236\321\117\123\133\127\060\021}{chapter*.3}% 11
\BOOKMARK [1][-]{section.4.1}{\376\377\060\020\0002\176\247\150\007\230\230\377\014\134\017\116\011\123\367\236\321\117\123\133\127\060\021\000\040}{chapter.4}% 12
\BOOKMARK [2][-]{subsection.4.1.1}{\376\377\060\020\0003\176\247\150\007\230\230\377\014\126\333\123\367\236\321\117\123\133\127\060\021\000\040}{section.4.1}% 13
\BOOKMARK [0][-]{chapter.5}{\376\377\176\323\213\272\060\020\0001\176\247\150\007\230\230\377\014\116\011\123\367\236\321\117\123\133\127\060\021\000\040}{chapter*.3}% 14
\BOOKMARK [0][-]{chapter.6}{\376\377\124\004\171\315\155\113\213\325}{chapter*.3}% 15
\BOOKMARK [1][-]{section.6.1}{\376\377\126\376\210\150\155\113\213\325}{chapter.6}% 16
\BOOKMARK [2][-]{subsection.6.1.1}{\376\377\123\125\137\040\126\376\162\107}{section.6.1}% 17
\BOOKMARK [1][-]{section.6.2}{\376\377\121\154\137\017\155\113\213\325}{chapter.6}% 18
\BOOKMARK [1][-]{section.6.3}{\376\377\123\302\200\003\145\207\163\056\155\113\213\325}{chapter.6}% 19
\BOOKMARK [0][-]{chapter.7}{\376\377\176\323\213\272}{chapter*.3}% 20
\BOOKMARK [-1][-]{chapter.7}{\376\377\123\302\200\003\145\207\163\056}{}% 21
\BOOKMARK [-1][-]{chapter*.8}{\376\377\201\364\000\040\214\042}{}% 22
\BOOKMARK [-1][-]{chapter*.8}{\376\377\226\104\000\040\137\125}{}% 23
